The minimum is attained in round 966
Finished loading model, total used 1000 iterations
The minimum is attained in round 991
Finished loading model, total used 1000 iterations
The minimum is attained in round 993
Finished loading model, total used 1000 iterations
The minimum is attained in round 993
Finished loading model, total used 1000 iterations
The minimum is attained in round 1001
Finished loading model, total used 1000 iterations
acc result is 0.2279,0.22819999999999996,0.22494999999999998,0.22819999999999996,0.22985
change_param is eta, change_value is 0.03
time spend is 536195
The minimum is attained in round 966
Finished loading model, total used 1000 iterations
The minimum is attained in round 991
Finished loading model, total used 1000 iterations
The minimum is attained in round 993
Finished loading model, total used 1000 iterations
The minimum is attained in round 993
Finished loading model, total used 1000 iterations
The minimum is attained in round 1001
Finished loading model, total used 1000 iterations
acc result is 0.2279,0.22819999999999996,0.22494999999999998,0.22819999999999996,0.22985
change_param is eta, change_value is 0.05
time spend is 868562
The minimum is attained in round 966
Finished loading model, total used 1000 iterations
The minimum is attained in round 991
Finished loading model, total used 1000 iterations
The minimum is attained in round 993
Finished loading model, total used 1000 iterations
The minimum is attained in round 993
Finished loading model, total used 1000 iterations
The minimum is attained in round 1001
Finished loading model, total used 1000 iterations
acc result is 0.2279,0.22819999999999996,0.22494999999999998,0.22819999999999996,0.22985
change_param is eta, change_value is 0.07
time spend is 591498
The minimum is attained in round 966
Finished loading model, total used 1000 iterations
The minimum is attained in round 991
Finished loading model, total used 1000 iterations
The minimum is attained in round 993
Finished loading model, total used 1000 iterations
The minimum is attained in round 993
Finished loading model, total used 1000 iterations
The minimum is attained in round 1001
Finished loading model, total used 1000 iterations
acc result is 0.2279,0.22819999999999996,0.22494999999999998,0.22819999999999996,0.22985
change_param is eta, change_value is 0.09
time spend is 912019
The minimum is attained in round 1001
Finished loading model, total used 1000 iterations
The minimum is attained in round 999
Finished loading model, total used 1000 iterations
The minimum is attained in round 973
Finished loading model, total used 1000 iterations
The minimum is attained in round 990
Finished loading model, total used 1000 iterations
The minimum is attained in round 991
Finished loading model, total used 1000 iterations
acc result is 0.23909999999999998,0.23540000000000005,0.22865000000000002,0.23385,0.23895
change_param is max_depth, change_value is 3
time spend is 508003
The minimum is attained in round 996
Finished loading model, total used 1000 iterations
The minimum is attained in round 989
Finished loading model, total used 1000 iterations
The minimum is attained in round 1000
Finished loading model, total used 1000 iterations
The minimum is attained in round 996
Finished loading model, total used 1000 iterations
The minimum is attained in round 1001
Finished loading model, total used 1000 iterations
acc result is 0.23255000000000003,0.23214999999999997,0.2248,0.23060000000000003,0.23295
change_param is max_depth, change_value is 4
time spend is 890154
The minimum is attained in round 982
Finished loading model, total used 1000 iterations
The minimum is attained in round 996
Finished loading model, total used 1000 iterations
The minimum is attained in round 993
Finished loading model, total used 1000 iterations
The minimum is attained in round 993
Finished loading model, total used 1000 iterations
The minimum is attained in round 1000
Finished loading model, total used 1000 iterations
acc result is 0.22899999999999998,0.22745000000000004,0.2249,0.23065000000000002,0.2309
change_param is max_depth, change_value is 5
time spend is 232698
The minimum is attained in round 991
Finished loading model, total used 1000 iterations
The minimum is attained in round 1000
Finished loading model, total used 1000 iterations
The minimum is attained in round 987
Finished loading model, total used 1000 iterations
The minimum is attained in round 977
Finished loading model, total used 1000 iterations
The minimum is attained in round 998
Finished loading model, total used 1000 iterations
acc result is 0.22794999999999999,0.22870000000000001,0.22314999999999996,0.2288,0.23204999999999998
change_param is max_depth, change_value is 6
time spend is 774141
The minimum is attained in round 1000
Finished loading model, total used 1000 iterations
The minimum is attained in round 998
Finished loading model, total used 1000 iterations
The minimum is attained in round 987
Finished loading model, total used 1000 iterations
The minimum is attained in round 1000
Finished loading model, total used 1000 iterations
The minimum is attained in round 999
Finished loading model, total used 1000 iterations
acc result is 0.22799999999999998,0.22704999999999997,0.2248,0.22870000000000001,0.2298
change_param is max_depth, change_value is 7
time spend is 172595
The minimum is attained in round 1001
Finished loading model, total used 1000 iterations
The minimum is attained in round 989
Finished loading model, total used 1000 iterations
The minimum is attained in round 1001
Finished loading model, total used 1000 iterations
The minimum is attained in round 966
Finished loading model, total used 1000 iterations
The minimum is attained in round 1001
Finished loading model, total used 1000 iterations
acc result is 0.22745000000000004,0.22575,0.2229,0.22850000000000004,0.22840000000000005
change_param is num_leaves, change_value is 16
time spend is 974062
The minimum is attained in round 999
Finished loading model, total used 1000 iterations
The minimum is attained in round 960
Finished loading model, total used 1000 iterations
The minimum is attained in round 927
Finished loading model, total used 1000 iterations
The minimum is attained in round 994
Finished loading model, total used 1000 iterations
The minimum is attained in round 999
Finished loading model, total used 1000 iterations
acc result is 0.2239,0.2259,0.22160000000000002,0.2248,0.22529999999999994
change_param is num_leaves, change_value is 32
time spend is 721095
The minimum is attained in round 1001
Finished loading model, total used 1000 iterations
The minimum is attained in round 999
Finished loading model, total used 1000 iterations
The minimum is attained in round 987
Finished loading model, total used 1000 iterations
The minimum is attained in round 985
Finished loading model, total used 1000 iterations
The minimum is attained in round 979
Finished loading model, total used 1000 iterations
acc result is 0.22345000000000004,0.22355000000000003,0.21825000000000006,0.2228,0.22524999999999995
change_param is num_leaves, change_value is 64
time spend is 464708
The minimum is attained in round 1001
Finished loading model, total used 1000 iterations
The minimum is attained in round 973
Finished loading model, total used 1000 iterations
The minimum is attained in round 997
Finished loading model, total used 1000 iterations
The minimum is attained in round 985
Finished loading model, total used 1000 iterations
The minimum is attained in round 997
Finished loading model, total used 1000 iterations
acc result is 0.22245000000000004,0.22185,0.22314999999999996,0.22240000000000004,0.22475
change_param is num_leaves, change_value is 96
time spend is 812759
The minimum is attained in round 996
Finished loading model, total used 1000 iterations
The minimum is attained in round 996
Finished loading model, total used 1000 iterations
The minimum is attained in round 999
Finished loading model, total used 1000 iterations
The minimum is attained in round 1000
Finished loading model, total used 1000 iterations
The minimum is attained in round 990
Finished loading model, total used 1000 iterations
acc result is 0.24650000000000005,0.24275000000000002,0.23660000000000003,0.24180000000000001,0.24529999999999996
change_param is feature_fraction, change_value is 0.2
time spend is 678120
The minimum is attained in round 965
Finished loading model, total used 1000 iterations
The minimum is attained in round 998
Finished loading model, total used 1000 iterations
The minimum is attained in round 997
Finished loading model, total used 1000 iterations
The minimum is attained in round 989
Finished loading model, total used 1000 iterations
The minimum is attained in round 1001
Finished loading model, total used 1000 iterations
acc result is 0.23240000000000005,0.23050000000000004,0.23055000000000003,0.23619999999999997,0.23329999999999995
change_param is feature_fraction, change_value is 0.4
time spend is 353843
The minimum is attained in round 994
Finished loading model, total used 1000 iterations
The minimum is attained in round 948
Finished loading model, total used 1000 iterations
The minimum is attained in round 990
Finished loading model, total used 1000 iterations
The minimum is attained in round 980
Finished loading model, total used 1000 iterations
The minimum is attained in round 1001
Finished loading model, total used 1000 iterations
acc result is 0.2267,0.22755000000000003,0.22655000000000003,0.22965000000000002,0.2267
change_param is feature_fraction, change_value is 0.6
time spend is 321767
The minimum is attained in round 1001
Finished loading model, total used 1000 iterations
The minimum is attained in round 999
Finished loading model, total used 1000 iterations
The minimum is attained in round 987
Finished loading model, total used 1000 iterations
The minimum is attained in round 985
Finished loading model, total used 1000 iterations
The minimum is attained in round 979
Finished loading model, total used 1000 iterations
acc result is 0.22345000000000004,0.22355000000000003,0.21825000000000006,0.2228,0.22524999999999995
change_param is feature_fraction, change_value is 0.8
time spend is 852111
The minimum is attained in round 1001
Finished loading model, total used 1000 iterations
The minimum is attained in round 999
Finished loading model, total used 1000 iterations
The minimum is attained in round 987
Finished loading model, total used 1000 iterations
The minimum is attained in round 985
Finished loading model, total used 1000 iterations
The minimum is attained in round 979
Finished loading model, total used 1000 iterations
acc result is 0.22345000000000004,0.22355000000000003,0.21825000000000006,0.2228,0.22524999999999995
change_param is bagging_fraction, change_value is 0.2
time spend is 121363
The minimum is attained in round 1001
Finished loading model, total used 1000 iterations
The minimum is attained in round 999
Finished loading model, total used 1000 iterations
The minimum is attained in round 987
Finished loading model, total used 1000 iterations
The minimum is attained in round 985
Finished loading model, total used 1000 iterations
The minimum is attained in round 979
Finished loading model, total used 1000 iterations
acc result is 0.22345000000000004,0.22355000000000003,0.21825000000000006,0.2228,0.22524999999999995
change_param is bagging_fraction, change_value is 0.4
time spend is 917904
The minimum is attained in round 1001
Finished loading model, total used 1000 iterations
The minimum is attained in round 999
Finished loading model, total used 1000 iterations
The minimum is attained in round 987
Finished loading model, total used 1000 iterations
The minimum is attained in round 985
Finished loading model, total used 1000 iterations
The minimum is attained in round 979
Finished loading model, total used 1000 iterations
acc result is 0.22345000000000004,0.22355000000000003,0.21825000000000006,0.2228,0.22524999999999995
change_param is bagging_fraction, change_value is 0.6
time spend is 694016
The minimum is attained in round 1001
Finished loading model, total used 1000 iterations
The minimum is attained in round 999
Finished loading model, total used 1000 iterations
The minimum is attained in round 987
Finished loading model, total used 1000 iterations
The minimum is attained in round 985
Finished loading model, total used 1000 iterations
The minimum is attained in round 979
Finished loading model, total used 1000 iterations
acc result is 0.22345000000000004,0.22355000000000003,0.21825000000000006,0.2228,0.22524999999999995
change_param is bagging_fraction, change_value is 0.8
time spend is 878705
The minimum is attained in round 1001
Finished loading model, total used 1000 iterations
The minimum is attained in round 984
Finished loading model, total used 1000 iterations
The minimum is attained in round 999
Finished loading model, total used 1000 iterations
The minimum is attained in round 1001
Finished loading model, total used 1000 iterations
The minimum is attained in round 1001
Finished loading model, total used 1000 iterations
acc result is 0.22409999999999997,0.22350000000000003,0.22285,0.22509999999999997,0.2267
change_param is lambda_l1, change_value is 2
time spend is 262094
The minimum is attained in round 1000
Finished loading model, total used 1000 iterations
The minimum is attained in round 975
Finished loading model, total used 1000 iterations
The minimum is attained in round 973
Finished loading model, total used 1000 iterations
The minimum is attained in round 989
Finished loading model, total used 1000 iterations
The minimum is attained in round 993
Finished loading model, total used 1000 iterations
acc result is 0.2238,0.22535000000000005,0.22404999999999997,0.22885,0.22585
change_param is lambda_l1, change_value is 4
time spend is 728514
The minimum is attained in round 998
Finished loading model, total used 1000 iterations
The minimum is attained in round 997
Finished loading model, total used 1000 iterations
The minimum is attained in round 993
Finished loading model, total used 1000 iterations
The minimum is attained in round 959
Finished loading model, total used 1000 iterations
The minimum is attained in round 1001
Finished loading model, total used 1000 iterations
acc result is 0.22455000000000003,0.22609999999999997,0.22455000000000003,0.22965000000000002,0.22814999999999996
change_param is lambda_l1, change_value is 6
time spend is 806880
The minimum is attained in round 999
Finished loading model, total used 1000 iterations
The minimum is attained in round 995
Finished loading model, total used 1000 iterations
The minimum is attained in round 983
Finished loading model, total used 1000 iterations
The minimum is attained in round 995
Finished loading model, total used 1000 iterations
The minimum is attained in round 995
Finished loading model, total used 1000 iterations
acc result is 0.2258,0.22814999999999996,0.22560000000000002,0.23145000000000004,0.23109999999999997
change_param is lambda_l1, change_value is 8
time spend is 907460
